<?xml version="1.0" encoding="UTF-8"?>
<!-- Generated by org.testng.reporters.JUnitReportReporter -->
<testsuite hostname="LAPTOP-969R18B4" failures="0" tests="3" name="com.demoqa.pages.NavigationPage" time="8.031" errors="1" timestamp="2021-06-11T13:39:23 BST" skipped="2">
  <testcase classname="com.demoqa.pages.NavigationPage" name="naviagatetoWidges_SelectMenu" time="0.000">
    <skipped/>
  </testcase> <!-- naviagatetoWidges_SelectMenu -->
  <system-out/>
  <testcase classname="com.demoqa.pages.NavigationPage" name="setBrowserManager" time="8.031">
    <error message="unknown error: Chrome failed to start: crashed.
  (chrome not reachable)
  (The process started from chrome location C:\Program Files (x86)\Google\Chrome\Application\chrome.exe is no longer running, so ChromeDriver is assuming that Chrome has crashed.)
Build info: version: &#039;3.141.59&#039;, revision: &#039;e82be7d358&#039;, time: &#039;2018-11-14T08:17:03&#039;
System info: host: &#039;LAPTOP-969R18B4&#039;, ip: &#039;192.168.0.216&#039;, os.name: &#039;Windows 10&#039;, os.arch: &#039;amd64&#039;, os.version: &#039;10.0&#039;, java.version: &#039;15.0.1&#039;
Driver info: driver.version: ChromeDriver
remote stacktrace: Backtrace:
	Ordinal0 [0x00943733+2504499]
	Ordinal0 [0x008DC401+2081793]
	Ordinal0 [0x007E2628+1058344]
	Ordinal0 [0x007FC99F+1165727]
	Ordinal0 [0x007F9DC3+1154499]
	Ordinal0 [0x00829B82+1350530]
	Ordinal0 [0x008297DA+1349594]
	Ordinal0 [0x00825D4B+1334603]
	Ordinal0 [0x008022B4+1188532]
	Ordinal0 [0x00803149+1192265]
	GetHandleVerifier [0x00ABFB8C+1512252]
	GetHandleVerifier [0x00B6B0DF+2214031]
	GetHandleVerifier [0x009C4BC3+484211]
	GetHandleVerifier [0x009C3E69+480793]
	Ordinal0 [0x008E218D+2105741]
	Ordinal0 [0x008E66E8+2123496]
	Ordinal0 [0x008E6827+2123815]
	Ordinal0 [0x008EFB73+2161523]
	BaseThreadInitThunk [0x756C6359+25]
	RtlGetAppContainerNamedObjectPath [0x778587A4+228]
	RtlGetAppContainerNamedObjectPath [0x77858774+180]
" type="org.openqa.selenium.WebDriverException">
      <![CDATA[org.openqa.selenium.WebDriverException: unknown error: Chrome failed to start: crashed.
  (chrome not reachable)
  (The process started from chrome location C:\Program Files (x86)\Google\Chrome\Application\chrome.exe is no longer running, so ChromeDriver is assuming that Chrome has crashed.)
Build info: version: '3.141.59', revision: 'e82be7d358', time: '2018-11-14T08:17:03'
System info: host: 'LAPTOP-969R18B4', ip: '192.168.0.216', os.name: 'Windows 10', os.arch: 'amd64', os.version: '10.0', java.version: '15.0.1'
Driver info: driver.version: ChromeDriver
remote stacktrace: Backtrace:
Ordinal0 [0x00943733+2504499]
Ordinal0 [0x008DC401+2081793]
Ordinal0 [0x007E2628+1058344]
Ordinal0 [0x007FC99F+1165727]
Ordinal0 [0x007F9DC3+1154499]
Ordinal0 [0x00829B82+1350530]
Ordinal0 [0x008297DA+1349594]
Ordinal0 [0x00825D4B+1334603]
Ordinal0 [0x008022B4+1188532]
Ordinal0 [0x00803149+1192265]
GetHandleVerifier [0x00ABFB8C+1512252]
GetHandleVerifier [0x00B6B0DF+2214031]
GetHandleVerifier [0x009C4BC3+484211]
GetHandleVerifier [0x009C3E69+480793]
Ordinal0 [0x008E218D+2105741]
Ordinal0 [0x008E66E8+2123496]
Ordinal0 [0x008E6827+2123815]
Ordinal0 [0x008EFB73+2161523]
BaseThreadInitThunk [0x756C6359+25]
RtlGetAppContainerNamedObjectPath [0x778587A4+228]
RtlGetAppContainerNamedObjectPath [0x77858774+180]

at java.base/jdk.internal.reflect.NativeConstructorAccessorImpl.newInstance0(Native Method)
at java.base/jdk.internal.reflect.NativeConstructorAccessorImpl.newInstance(NativeConstructorAccessorImpl.java:64)
at java.base/jdk.internal.reflect.DelegatingConstructorAccessorImpl.newInstance(DelegatingConstructorAccessorImpl.java:45)
at java.base/java.lang.reflect.Constructor.newInstanceWithCaller(Constructor.java:500)
at java.base/java.lang.reflect.Constructor.newInstance(Constructor.java:481)
at org.openqa.selenium.remote.W3CHandshakeResponse.lambda$errorHandler$0(W3CHandshakeResponse.java:62)
at org.openqa.selenium.remote.HandshakeResponse.lambda$getResponseFunction$0(HandshakeResponse.java:30)
at org.openqa.selenium.remote.ProtocolHandshake.lambda$createSession$0(ProtocolHandshake.java:126)
at java.base/java.util.stream.ReferencePipeline$3$1.accept(ReferencePipeline.java:195)
at java.base/java.util.Spliterators$ArraySpliterator.tryAdvance(Spliterators.java:958)
at java.base/java.util.stream.ReferencePipeline.forEachWithCancel(ReferencePipeline.java:127)
at java.base/java.util.stream.AbstractPipeline.copyIntoWithCancel(AbstractPipeline.java:502)
at java.base/java.util.stream.AbstractPipeline.copyInto(AbstractPipeline.java:488)
at java.base/java.util.stream.AbstractPipeline.wrapAndCopyInto(AbstractPipeline.java:474)
at java.base/java.util.stream.FindOps$FindOp.evaluateSequential(FindOps.java:150)
at java.base/java.util.stream.AbstractPipeline.evaluate(AbstractPipeline.java:234)
at java.base/java.util.stream.ReferencePipeline.findFirst(ReferencePipeline.java:543)
at org.openqa.selenium.remote.ProtocolHandshake.createSession(ProtocolHandshake.java:128)
at org.openqa.selenium.remote.ProtocolHandshake.createSession(ProtocolHandshake.java:74)
at org.openqa.selenium.remote.HttpCommandExecutor.execute(HttpCommandExecutor.java:136)
at org.openqa.selenium.remote.service.DriverCommandExecutor.execute(DriverCommandExecutor.java:83)
at org.openqa.selenium.remote.RemoteWebDriver.execute(RemoteWebDriver.java:552)
at org.openqa.selenium.remote.RemoteWebDriver.startSession(RemoteWebDriver.java:213)
at org.openqa.selenium.remote.RemoteWebDriver.<init>(RemoteWebDriver.java:131)
at org.openqa.selenium.chrome.ChromeDriver.<init>(ChromeDriver.java:181)
at org.openqa.selenium.chrome.ChromeDriver.<init>(ChromeDriver.java:168)
at org.openqa.selenium.chrome.ChromeDriver.<init>(ChromeDriver.java:123)
at com.bdd.demoqa.utilities.BaseClass.setBrowserManager(BaseClass.java:53)
at java.base/jdk.internal.reflect.NativeMethodAccessorImpl.invoke0(Native Method)
at java.base/jdk.internal.reflect.NativeMethodAccessorImpl.invoke(NativeMethodAccessorImpl.java:64)
at java.base/jdk.internal.reflect.DelegatingMethodAccessorImpl.invoke(DelegatingMethodAccessorImpl.java:43)
at java.base/java.lang.reflect.Method.invoke(Method.java:564)
at org.testng.internal.MethodInvocationHelper.invokeMethod(MethodInvocationHelper.java:132)
at org.testng.internal.MethodInvocationHelper.invokeMethodConsideringTimeout(MethodInvocationHelper.java:61)
at org.testng.internal.ConfigInvoker.invokeConfigurationMethod(ConfigInvoker.java:366)
at org.testng.internal.ConfigInvoker.invokeConfigurations(ConfigInvoker.java:320)
at org.testng.TestRunner.invokeTestConfigurations(TestRunner.java:617)
at org.testng.TestRunner.beforeRun(TestRunner.java:607)
at org.testng.TestRunner.run(TestRunner.java:578)
at org.testng.SuiteRunner.runTest(SuiteRunner.java:384)
at org.testng.SuiteRunner.runSequentially(SuiteRunner.java:378)
at org.testng.SuiteRunner.privateRun(SuiteRunner.java:337)
at org.testng.SuiteRunner.run(SuiteRunner.java:286)
at org.testng.SuiteRunnerWorker.runSuite(SuiteRunnerWorker.java:53)
at org.testng.SuiteRunnerWorker.run(SuiteRunnerWorker.java:96)
at org.testng.TestNG.runSuitesSequentially(TestNG.java:1218)
at org.testng.TestNG.runSuitesLocally(TestNG.java:1140)
at org.testng.TestNG.runSuites(TestNG.java:1069)
at org.testng.TestNG.run(TestNG.java:1037)
at org.testng.remote.AbstractRemoteTestNG.run(AbstractRemoteTestNG.java:115)
at org.testng.remote.RemoteTestNG.initAndRun(RemoteTestNG.java:251)
at org.testng.remote.RemoteTestNG.main(RemoteTestNG.java:77)
]]>
    </error>
  </testcase> <!-- setBrowserManager -->
  <system-out/>
  <testcase classname="com.demoqa.pages.NavigationPage" name="navigateto_form_Page" time="0.000">
    <skipped/>
  </testcase> <!-- navigateto_form_Page -->
  <system-out/>
</testsuite> <!-- com.demoqa.pages.NavigationPage -->
